<?xml version="1.0" encoding="UTF-8"?>
<!-- Generated by org.testng.reporters.JUnitReportReporter -->
<testsuite hostname="Abhisheks-Air" failures="0" tests="1" name="com.Testng.phase5.Registration_Form_Automation.RegistrationForm" time="3.904" errors="1" timestamp="2022-03-10T17:00:09 IST" skipped="0">
  <testcase classname="com.Testng.phase5.Registration_Form_Automation.RegistrationForm" name="invokeBrowser" time="3.904">
    <error message="session not created: This version of ChromeDriver only supports Chrome version 100
Current browser version is 99.0.4844.51 with binary path /Applications/Google Chrome.app/Contents/MacOS/Google Chrome
Build info: version: &#039;3.141.59&#039;, revision: &#039;e82be7d358&#039;, time: &#039;2018-11-14T08:17:03&#039;
System info: host: &#039;Abhisheks-Air&#039;, ip: &#039;fe80:0:0:0:6b:792:e04:83ea%en0&#039;, os.name: &#039;Mac OS X&#039;, os.arch: &#039;x86_64&#039;, os.version: &#039;10.16&#039;, java.version: &#039;15.0.2&#039;
Driver info: driver.version: ChromeDriver
remote stacktrace: 0   chromedriver                        0x0000000102de5269 chromedriver + 5096041
1   chromedriver                        0x0000000102d75ba3 chromedriver + 4639651
2   chromedriver                        0x0000000102968b98 chromedriver + 392088
3   chromedriver                        0x000000010298ee3e chromedriver + 548414
4   chromedriver                        0x000000010298a8fa chromedriver + 530682
5   chromedriver                        0x0000000102986f66 chromedriver + 515942
6   chromedriver                        0x00000001029c1430 chromedriver + 754736
7   chromedriver                        0x00000001029bb633 chromedriver + 730675
8   chromedriver                        0x0000000102991159 chromedriver + 557401
9   chromedriver                        0x0000000102992185 chromedriver + 561541
10  chromedriver                        0x0000000102da404d chromedriver + 4829261
11  chromedriver                        0x0000000102dbca92 chromedriver + 4930194
12  chromedriver                        0x0000000102dc172e chromedriver + 4949806
13  chromedriver                        0x0000000102dbd5ca chromedriver + 4933066
14  chromedriver                        0x0000000102d98fc0 chromedriver + 4784064
15  chromedriver                        0x0000000102dd70e8 chromedriver + 5038312
16  chromedriver                        0x0000000102dd726f chromedriver + 5038703
17  chromedriver                        0x0000000102dec535 chromedriver + 5125429
18  libsystem_pthread.dylib             0x00007ff810a8a4f4 _pthread_start + 125
19  libsystem_pthread.dylib             0x00007ff810a8600f thread_start + 15
" type="org.openqa.selenium.SessionNotCreatedException">
      <![CDATA[org.openqa.selenium.SessionNotCreatedException: session not created: This version of ChromeDriver only supports Chrome version 100
Current browser version is 99.0.4844.51 with binary path /Applications/Google Chrome.app/Contents/MacOS/Google Chrome
Build info: version: '3.141.59', revision: 'e82be7d358', time: '2018-11-14T08:17:03'
System info: host: 'Abhisheks-Air', ip: 'fe80:0:0:0:6b:792:e04:83ea%en0', os.name: 'Mac OS X', os.arch: 'x86_64', os.version: '10.16', java.version: '15.0.2'
Driver info: driver.version: ChromeDriver
remote stacktrace: 0   chromedriver                        0x0000000102de5269 chromedriver + 5096041
1   chromedriver                        0x0000000102d75ba3 chromedriver + 4639651
2   chromedriver                        0x0000000102968b98 chromedriver + 392088
3   chromedriver                        0x000000010298ee3e chromedriver + 548414
4   chromedriver                        0x000000010298a8fa chromedriver + 530682
5   chromedriver                        0x0000000102986f66 chromedriver + 515942
6   chromedriver                        0x00000001029c1430 chromedriver + 754736
7   chromedriver                        0x00000001029bb633 chromedriver + 730675
8   chromedriver                        0x0000000102991159 chromedriver + 557401
9   chromedriver                        0x0000000102992185 chromedriver + 561541
10  chromedriver                        0x0000000102da404d chromedriver + 4829261
11  chromedriver                        0x0000000102dbca92 chromedriver + 4930194
12  chromedriver                        0x0000000102dc172e chromedriver + 4949806
13  chromedriver                        0x0000000102dbd5ca chromedriver + 4933066
14  chromedriver                        0x0000000102d98fc0 chromedriver + 4784064
15  chromedriver                        0x0000000102dd70e8 chromedriver + 5038312
16  chromedriver                        0x0000000102dd726f chromedriver + 5038703
17  chromedriver                        0x0000000102dec535 chromedriver + 5125429
18  libsystem_pthread.dylib             0x00007ff810a8a4f4 _pthread_start + 125
19  libsystem_pthread.dylib             0x00007ff810a8600f thread_start + 15

at java.base/jdk.internal.reflect.NativeConstructorAccessorImpl.newInstance0(Native Method)
at java.base/jdk.internal.reflect.NativeConstructorAccessorImpl.newInstance(NativeConstructorAccessorImpl.java:64)
at java.base/jdk.internal.reflect.DelegatingConstructorAccessorImpl.newInstance(DelegatingConstructorAccessorImpl.java:45)
at java.base/java.lang.reflect.Constructor.newInstanceWithCaller(Constructor.java:500)
at java.base/java.lang.reflect.Constructor.newInstance(Constructor.java:481)
at org.openqa.selenium.remote.W3CHandshakeResponse.lambda$errorHandler$0(W3CHandshakeResponse.java:62)
at org.openqa.selenium.remote.HandshakeResponse.lambda$getResponseFunction$0(HandshakeResponse.java:30)
at org.openqa.selenium.remote.ProtocolHandshake.lambda$createSession$0(ProtocolHandshake.java:126)
at java.base/java.util.stream.ReferencePipeline$3$1.accept(ReferencePipeline.java:195)
at java.base/java.util.Spliterators$ArraySpliterator.tryAdvance(Spliterators.java:958)
at java.base/java.util.stream.ReferencePipeline.forEachWithCancel(ReferencePipeline.java:127)
at java.base/java.util.stream.AbstractPipeline.copyIntoWithCancel(AbstractPipeline.java:502)
at java.base/java.util.stream.AbstractPipeline.copyInto(AbstractPipeline.java:488)
at java.base/java.util.stream.AbstractPipeline.wrapAndCopyInto(AbstractPipeline.java:474)
at java.base/java.util.stream.FindOps$FindOp.evaluateSequential(FindOps.java:150)
at java.base/java.util.stream.AbstractPipeline.evaluate(AbstractPipeline.java:234)
at java.base/java.util.stream.ReferencePipeline.findFirst(ReferencePipeline.java:543)
at org.openqa.selenium.remote.ProtocolHandshake.createSession(ProtocolHandshake.java:128)
at org.openqa.selenium.remote.ProtocolHandshake.createSession(ProtocolHandshake.java:74)
at org.openqa.selenium.remote.HttpCommandExecutor.execute(HttpCommandExecutor.java:136)
at org.openqa.selenium.remote.service.DriverCommandExecutor.execute(DriverCommandExecutor.java:83)
at org.openqa.selenium.remote.RemoteWebDriver.execute(RemoteWebDriver.java:552)
at org.openqa.selenium.remote.RemoteWebDriver.startSession(RemoteWebDriver.java:213)
at org.openqa.selenium.remote.RemoteWebDriver.<init>(RemoteWebDriver.java:131)
at org.openqa.selenium.chrome.ChromeDriver.<init>(ChromeDriver.java:181)
at org.openqa.selenium.chrome.ChromeDriver.<init>(ChromeDriver.java:168)
at org.openqa.selenium.chrome.ChromeDriver.<init>(ChromeDriver.java:123)
at com.Testng.phase5.Registration_Form_Automation.RegistrationForm.invokeBrowser(RegistrationForm.java:21)
at java.base/jdk.internal.reflect.NativeMethodAccessorImpl.invoke0(Native Method)
at java.base/jdk.internal.reflect.NativeMethodAccessorImpl.invoke(NativeMethodAccessorImpl.java:64)
at java.base/jdk.internal.reflect.DelegatingMethodAccessorImpl.invoke(DelegatingMethodAccessorImpl.java:43)
at java.base/java.lang.reflect.Method.invoke(Method.java:564)
at org.testng.internal.MethodInvocationHelper.invokeMethod(MethodInvocationHelper.java:133)
at org.testng.internal.TestInvoker.invokeMethod(TestInvoker.java:598)
at org.testng.internal.TestInvoker.invokeTestMethod(TestInvoker.java:173)
at org.testng.internal.MethodRunner.runInSequence(MethodRunner.java:46)
at org.testng.internal.TestInvoker$MethodInvocationAgent.invoke(TestInvoker.java:824)
at org.testng.internal.TestInvoker.invokeTestMethods(TestInvoker.java:146)
at org.testng.internal.TestMethodWorker.invokeTestMethods(TestMethodWorker.java:146)
at org.testng.internal.TestMethodWorker.run(TestMethodWorker.java:128)
at java.base/java.util.ArrayList.forEach(ArrayList.java:1511)
at org.testng.TestRunner.privateRun(TestRunner.java:794)
at org.testng.TestRunner.run(TestRunner.java:596)
at org.testng.SuiteRunner.runTest(SuiteRunner.java:377)
at org.testng.SuiteRunner.runSequentially(SuiteRunner.java:371)
at org.testng.SuiteRunner.privateRun(SuiteRunner.java:332)
at org.testng.SuiteRunner.run(SuiteRunner.java:276)
at org.testng.SuiteRunnerWorker.runSuite(SuiteRunnerWorker.java:53)
at org.testng.SuiteRunnerWorker.run(SuiteRunnerWorker.java:96)
at org.testng.TestNG.runSuitesSequentially(TestNG.java:1212)
at org.testng.TestNG.runSuitesLocally(TestNG.java:1134)
at org.testng.TestNG.runSuites(TestNG.java:1063)
at org.testng.TestNG.run(TestNG.java:1031)
at org.testng.remote.AbstractRemoteTestNG.run(AbstractRemoteTestNG.java:115)
at org.testng.remote.RemoteTestNG.initAndRun(RemoteTestNG.java:251)
at org.testng.remote.RemoteTestNG.main(RemoteTestNG.java:77)
]]>
    </error>
  </testcase> <!-- invokeBrowser -->
  <system-out/>
</testsuite> <!-- com.Testng.phase5.Registration_Form_Automation.RegistrationForm -->
